# JRE version: OpenJDK Runtime Environment Temurin-21.0.10+7 (21.0.10+7) (build 21.0.10+7-LTS)
# Java VM: OpenJDK 64-Bit Server VM Temurin-21.0.10+7 (21.0.10+7-LTS, mixed mode, sharing, tiered, compressed oops, compressed class ptrs, parallel gc, windows-amd64)
GC Precious Log:
 CardTable entry size: 512
 CPUs: 2 total, 2 available
 Memory: 3858M
 Large Page Support: Disabled
 NUMA Support: Disabled
 Compressed Oops: Enabled (32-bit)
 Alignments: Space 512K, Generation 512K, Heap 2M
 Heap Min Capacity: 100M
 Heap Initial Capacity: 100M
 Heap Max Capacity: 2G
 Pre-touch: Disabled
 Parallel Workers: 2
Heap:
 PSYoungGen      total 21504K, used 20549K [0x00000000d5580000, 0x00000000d8900000, 0x0000000100000000)
  eden space 13312K, 92% used [0x00000000d5580000,0x00000000d6194d28,0x00000000d6280000)
  from space 8192K, 99% used [0x00000000d6280000,0x00000000d6a7c930,0x00000000d6a80000)
  to   space 19456K, 0% used [0x00000000d7600000,0x00000000d7600000,0x00000000d8900000)
 ParOldGen       total 725504K, used 725489K [0x0000000080000000, 0x00000000ac480000, 0x00000000d5580000)
  object space 725504K, 99% used [0x0000000080000000,0x00000000ac47c448,0x00000000ac480000)
 Metaspace       used 97940K, committed 99712K, reserved 1179648K
  class space    used 10763K, committed 11584K, reserved 1048576K
GC Heap History (20 events):
Event: 4359.013 GC heap before
{Heap before GC invocations=1042 (full 5):
 PSYoungGen      total 6144K, used 6142K [0x00000000d5580000, 0x00000000d6280000, 0x0000000100000000)
  eden space 4096K, 100% used [0x00000000d5580000,0x00000000d5980000,0x00000000d5980000)
  from space 2048K, 99% used [0x00000000d5980000,0x00000000d5b7f930,0x00000000d5b80000)
  to   space 4608K, 0% used [0x00000000d5e00000,0x00000000d5e00000,0x00000000d6280000)
 ParOldGen       total 691712K, used 691359K [0x0000000080000000, 0x00000000aa380000, 0x00000000d5580000)
  object space 691712K, 99% used [0x0000000080000000,0x00000000aa327fb8,0x00000000aa380000)
 Metaspace       used 97906K, committed 99712K, reserved 1179648K
  class space    used 10763K, committed 11584K, reserved 1048576K
}
Event: 4359.032 GC heap after
{Heap after GC invocations=1042 (full 5):
 PSYoungGen      total 8704K, used 4096K [0x00000000d5580000, 0x00000000d6380000, 0x0000000100000000)
  eden space 4096K, 0% used [0x00000000d5580000,0x00000000d5580000,0x00000000d5980000)
  from space 4608K, 88% used [0x00000000d5e00000,0x00000000d6200000,0x00000000d6280000)
  to   space 4608K, 0% used [0x00000000d5980000,0x00000000d5980000,0x00000000d5e00000)
 ParOldGen       total 693760K, used 693414K [0x0000000080000000, 0x00000000aa580000, 0x00000000d5580000)
  object space 693760K, 99% used [0x0000000080000000,0x00000000aa5298e8,0x00000000aa580000)
 Metaspace       used 97906K, committed 99712K, reserved 1179648K
  class space    used 10763K, committed 11584K, reserved 1048576K
}
Event: 4359.062 GC heap before
{Heap before GC invocations=1043 (full 5):
 PSYoungGen      total 8704K, used 8192K [0x00000000d5580000, 0x00000000d6380000, 0x0000000100000000)
  eden space 4096K, 100% used [0x00000000d5580000,0x00000000d5980000,0x00000000d5980000)
  from space 4608K, 88% used [0x00000000d5e00000,0x00000000d6200000,0x00000000d6280000)
  to   space 4608K, 0% used [0x00000000d5980000,0x00000000d5980000,0x00000000d5e00000)
 ParOldGen       total 693760K, used 693414K [0x0000000080000000, 0x00000000aa580000, 0x00000000d5580000)
  object space 693760K, 99% used [0x0000000080000000,0x00000000aa5298e8,0x00000000aa580000)
 Metaspace       used 97906K, committed 99712K, reserved 1179648K
  class space    used 10763K, committed 11584K, reserved 1048576K
}
Event: 4359.084 GC heap after
{Heap after GC invocations=1043 (full 5):
 PSYoungGen      total 8704K, used 4096K [0x00000000d5580000, 0x00000000d6380000, 0x0000000100000000)
  eden space 4096K, 0% used [0x00000000d5580000,0x00000000d5580000,0x00000000d5980000)
  from space 4608K, 88% used [0x00000000d5980000,0x00000000d5d80000,0x00000000d5e00000)
  to   space 4608K, 0% used [0x00000000d5f00000,0x00000000d5f00000,0x00000000d6380000)
 ParOldGen       total 697856K, used 697510K [0x0000000080000000, 0x00000000aa980000, 0x00000000d5580000)
  object space 697856K, 99% used [0x0000000080000000,0x00000000aa9298e8,0x00000000aa980000)
 Metaspace       used 97906K, committed 99712K, reserved 1179648K
  class space    used 10763K, committed 11584K, reserved 1048576K
}
Event: 4359.114 GC heap before
{Heap before GC invocations=1044 (full 5):
 PSYoungGen      total 8704K, used 8192K [0x00000000d5580000, 0x00000000d6380000, 0x0000000100000000)
  eden space 4096K, 100% used [0x00000000d5580000,0x00000000d5980000,0x00000000d5980000)
  from space 4608K, 88% used [0x00000000d5980000,0x00000000d5d80000,0x00000000d5e00000)
  to   space 4608K, 0% used [0x00000000d5f00000,0x00000000d5f00000,0x00000000d6380000)
 ParOldGen       total 697856K, used 697510K [0x0000000080000000, 0x00000000aa980000, 0x00000000d5580000)
  object space 697856K, 99% used [0x0000000080000000,0x00000000aa9298e8,0x00000000aa980000)
 Metaspace       used 97906K, committed 99712K, reserved 1179648K
  class space    used 10763K, committed 11584K, reserved 1048576K
}
Event: 4359.131 GC heap after
{Heap after GC invocations=1044 (full 5):
 PSYoungGen      total 8192K, used 2868K [0x00000000d5580000, 0x00000000d6200000, 0x0000000100000000)
  eden space 5120K, 0% used [0x00000000d5580000,0x00000000d5580000,0x00000000d5a80000)
  from space 3072K, 93% used [0x00000000d5f00000,0x00000000d61cd200,0x00000000d6200000)
  to   space 3584K, 0% used [0x00000000d5b00000,0x00000000d5b00000,0x00000000d5e80000)
 ParOldGen       total 701952K, used 701606K [0x0000000080000000, 0x00000000aad80000, 0x00000000d5580000)
  object space 701952K, 99% used [0x0000000080000000,0x00000000aad298e8,0x00000000aad80000)
 Metaspace       used 97906K, committed 99712K, reserved 1179648K
  class space    used 10763K, committed 11584K, reserved 1048576K
}
Event: 4359.179 GC heap before
{Heap before GC invocations=1045 (full 5):
 PSYoungGen      total 8192K, used 7988K [0x00000000d5580000, 0x00000000d6200000, 0x0000000100000000)
  eden space 5120K, 100% used [0x00000000d5580000,0x00000000d5a80000,0x00000000d5a80000)
  from space 3072K, 93% used [0x00000000d5f00000,0x00000000d61cd200,0x00000000d6200000)
  to   space 3584K, 0% used [0x00000000d5b00000,0x00000000d5b00000,0x00000000d5e80000)
 ParOldGen       total 701952K, used 701606K [0x0000000080000000, 0x00000000aad80000, 0x00000000d5580000)
  object space 701952K, 99% used [0x0000000080000000,0x00000000aad298e8,0x00000000aad80000)
 Metaspace       used 97906K, committed 99712K, reserved 1179648K
  class space    used 10763K, committed 11584K, reserved 1048576K
}
Event: 4359.193 GC heap after
{Heap after GC invocations=1045 (full 5):
 PSYoungGen      total 9216K, used 3553K [0x00000000d5580000, 0x00000000d6a80000, 0x0000000100000000)
  eden space 5632K, 0% used [0x00000000d5580000,0x00000000d5580000,0x00000000d5b00000)
  from space 3584K, 99% used [0x00000000d5b00000,0x00000000d5e78790,0x00000000d5e80000)
  to   space 7680K, 0% used [0x00000000d6300000,0x00000000d6300000,0x00000000d6a80000)
 ParOldGen       total 705024K, used 704794K [0x0000000080000000, 0x00000000ab080000, 0x00000000d5580000)
  object space 705024K, 99% used [0x0000000080000000,0x00000000ab046ae8,0x00000000ab080000)
 Metaspace       used 97906K, committed 99712K, reserved 1179648K
  class space    used 10763K, committed 11584K, reserved 1048576K
}
Event: 4359.267 GC heap before
{Heap before GC invocations=1046 (full 5):
 PSYoungGen      total 9216K, used 9185K [0x00000000d5580000, 0x00000000d6a80000, 0x0000000100000000)
  eden space 5632K, 100% used [0x00000000d5580000,0x00000000d5b00000,0x00000000d5b00000)
  from space 3584K, 99% used [0x00000000d5b00000,0x00000000d5e78790,0x00000000d5e80000)
  to   space 7680K, 0% used [0x00000000d6300000,0x00000000d6300000,0x00000000d6a80000)
 ParOldGen       total 705024K, used 704794K [0x0000000080000000, 0x00000000ab080000, 0x00000000d5580000)
  object space 705024K, 99% used [0x0000000080000000,0x00000000ab046ae8,0x00000000ab080000)
 Metaspace       used 97906K, committed 99712K, reserved 1179648K
  class space    used 10763K, committed 11584K, reserved 1048576K
}
Event: 4359.282 GC heap after
{Heap after GC invocations=1046 (full 5):
 PSYoungGen      total 8192K, used 864K [0x00000000d5580000, 0x00000000d6400000, 0x0000000100000000)
  eden space 7168K, 0% used [0x00000000d5580000,0x00000000d5580000,0x00000000d5c80000)
  from space 1024K, 84% used [0x00000000d6300000,0x00000000d63d8030,0x00000000d6400000)
  to   space 3072K, 0% used [0x00000000d5e00000,0x00000000d5e00000,0x00000000d6100000)
 ParOldGen       total 705024K, used 704866K [0x0000000080000000, 0x00000000ab080000, 0x00000000d5580000)
  object space 705024K, 99% used [0x0000000080000000,0x00000000ab058ae8,0x00000000ab080000)
 Metaspace       used 97906K, committed 99712K, reserved 1179648K
  class space    used 10763K, committed 11584K, reserved 1048576K
}
Event: 4362.258 GC heap before
{Heap before GC invocations=1047 (full 5):
 PSYoungGen      total 8192K, used 8032K [0x00000000d5580000, 0x00000000d6400000, 0x0000000100000000)
  eden space 7168K, 100% used [0x00000000d5580000,0x00000000d5c80000,0x00000000d5c80000)
  from space 1024K, 84% used [0x00000000d6300000,0x00000000d63d8030,0x00000000d6400000)
  to   space 3072K, 0% used [0x00000000d5e00000,0x00000000d5e00000,0x00000000d6100000)
 ParOldGen       total 705024K, used 704866K [0x0000000080000000, 0x00000000ab080000, 0x00000000d5580000)
  object space 705024K, 99% used [0x0000000080000000,0x00000000ab058ae8,0x00000000ab080000)
 Metaspace       used 97928K, committed 99712K, reserved 1179648K
  class space    used 10763K, committed 11584K, reserved 1048576K
}
Event: 4362.264 GC heap after
{Heap after GC invocations=1047 (full 5):
 PSYoungGen      total 11776K, used 224K [0x00000000d5580000, 0x00000000d6380000, 0x0000000100000000)
  eden space 8704K, 0% used [0x00000000d5580000,0x00000000d5580000,0x00000000d5e00000)
  from space 3072K, 7% used [0x00000000d5e00000,0x00000000d5e38000,0x00000000d6100000)
  to   space 1024K, 0% used [0x00000000d6280000,0x00000000d6280000,0x00000000d6380000)
 ParOldGen       total 706048K, used 705650K [0x0000000080000000, 0x00000000ab180000, 0x00000000d5580000)
  object space 706048K, 99% used [0x0000000080000000,0x00000000ab11caf8,0x00000000ab180000)
 Metaspace       used 97928K, committed 99712K, reserved 1179648K
  class space    used 10763K, committed 11584K, reserved 1048576K
}
Event: 4362.520 GC heap before
{Heap before GC invocations=1048 (full 5):
 PSYoungGen      total 11776K, used 8928K [0x00000000d5580000, 0x00000000d6380000, 0x0000000100000000)
  eden space 8704K, 100% used [0x00000000d5580000,0x00000000d5e00000,0x00000000d5e00000)
  from space 3072K, 7% used [0x00000000d5e00000,0x00000000d5e38000,0x00000000d6100000)
  to   space 1024K, 0% used [0x00000000d6280000,0x00000000d6280000,0x00000000d6380000)
 ParOldGen       total 706048K, used 705650K [0x0000000080000000, 0x00000000ab180000, 0x00000000d5580000)
  object space 706048K, 99% used [0x0000000080000000,0x00000000ab11caf8,0x00000000ab180000)
 Metaspace       used 97936K, committed 99712K, reserved 1179648K
  class space    used 10763K, committed 11584K, reserved 1048576K
}
Event: 4362.530 GC heap after
{Heap after GC invocations=1048 (full 5):
 PSYoungGen      total 9728K, used 1023K [0x00000000d5580000, 0x00000000d6380000, 0x0000000100000000)
  eden space 8704K, 0% used [0x00000000d5580000,0x00000000d5580000,0x00000000d5e00000)
  from space 1024K, 99% used [0x00000000d6280000,0x00000000d637fc98,0x00000000d6380000)
  to   space 2560K, 0% used [0x00000000d5e80000,0x00000000d5e80000,0x00000000d6100000)
 ParOldGen       total 707072K, used 706609K [0x0000000080000000, 0x00000000ab280000, 0x00000000d5580000)
  object space 707072K, 99% used [0x0000000080000000,0x00000000ab20c790,0x00000000ab280000)
 Metaspace       used 97936K, committed 99712K, reserved 1179648K
  class space    used 10763K, committed 11584K, reserved 1048576K
}
Event: 4362.567 GC heap before
{Heap before GC invocations=1049 (full 5):
 PSYoungGen      total 9728K, used 9727K [0x00000000d5580000, 0x00000000d6380000, 0x0000000100000000)
  eden space 8704K, 100% used [0x00000000d5580000,0x00000000d5e00000,0x00000000d5e00000)
  from space 1024K, 99% used [0x00000000d6280000,0x00000000d637fc98,0x00000000d6380000)
  to   space 2560K, 0% used [0x00000000d5e80000,0x00000000d5e80000,0x00000000d6100000)
 ParOldGen       total 707072K, used 706609K [0x0000000080000000, 0x00000000ab280000, 0x00000000d5580000)
  object space 707072K, 99% used [0x0000000080000000,0x00000000ab20c790,0x00000000ab280000)
 Metaspace       used 97936K, committed 99712K, reserved 1179648K
  class space    used 10763K, committed 11584K, reserved 1048576K
}
Event: 4362.599 GC heap after
{Heap after GC invocations=1049 (full 5):
 PSYoungGen      total 11776K, used 2560K [0x00000000d5580000, 0x00000000d7600000, 0x0000000100000000)
  eden space 9216K, 0% used [0x00000000d5580000,0x00000000d5580000,0x00000000d5e80000)
  from space 2560K, 100% used [0x00000000d5e80000,0x00000000d6100000,0x00000000d6100000)
  to   space 11264K, 0% used [0x00000000d6b00000,0x00000000d6b00000,0x00000000d7600000)
 ParOldGen       total 714240K, used 713769K [0x0000000080000000, 0x00000000ab980000, 0x00000000d5580000)
  object space 714240K, 99% used [0x0000000080000000,0x00000000ab90a448,0x00000000ab980000)
 Metaspace       used 97936K, committed 99712K, reserved 1179648K
  class space    used 10763K, committed 11584K, reserved 1048576K
}
Event: 4362.967 GC heap before
{Heap before GC invocations=1050 (full 5):
 PSYoungGen      total 11776K, used 11776K [0x00000000d5580000, 0x00000000d7600000, 0x0000000100000000)
  eden space 9216K, 100% used [0x00000000d5580000,0x00000000d5e80000,0x00000000d5e80000)
  from space 2560K, 100% used [0x00000000d5e80000,0x00000000d6100000,0x00000000d6100000)
  to   space 11264K, 0% used [0x00000000d6b00000,0x00000000d6b00000,0x00000000d7600000)
 ParOldGen       total 714240K, used 713769K [0x0000000080000000, 0x00000000ab980000, 0x00000000d5580000)
  object space 714240K, 99% used [0x0000000080000000,0x00000000ab90a448,0x00000000ab980000)
 Metaspace       used 97936K, committed 99712K, reserved 1179648K
  class space    used 10763K, committed 11584K, reserved 1048576K
}
Event: 4362.999 GC heap after
{Heap after GC invocations=1050 (full 5):
 PSYoungGen      total 18944K, used 7336K [0x00000000d5580000, 0x00000000d7280000, 0x0000000100000000)
  eden space 11264K, 0% used [0x00000000d5580000,0x00000000d5580000,0x00000000d6080000)
  from space 7680K, 95% used [0x00000000d6b00000,0x00000000d722a000,0x00000000d7280000)
  to   space 8192K, 0% used [0x00000000d6280000,0x00000000d6280000,0x00000000d6a80000)
 ParOldGen       total 716800K, used 716353K [0x0000000080000000, 0x00000000abc00000, 0x00000000d5580000)
  object space 716800K, 99% used [0x0000000080000000,0x00000000abb90448,0x00000000abc00000)
 Metaspace       used 97936K, committed 99712K, reserved 1179648K
  class space    used 10763K, committed 11584K, reserved 1048576K
}
Event: 4363.162 GC heap before
{Heap before GC invocations=1051 (full 5):
 PSYoungGen      total 18944K, used 18032K [0x00000000d5580000, 0x00000000d7280000, 0x0000000100000000)
  eden space 11264K, 94% used [0x00000000d5580000,0x00000000d5ff21a8,0x00000000d6080000)
  from space 7680K, 95% used [0x00000000d6b00000,0x00000000d722a000,0x00000000d7280000)
  to   space 8192K, 0% used [0x00000000d6280000,0x00000000d6280000,0x00000000d6a80000)
 ParOldGen       total 716800K, used 716353K [0x0000000080000000, 0x00000000abc00000, 0x00000000d5580000)
  object space 716800K, 99% used [0x0000000080000000,0x00000000abb90448,0x00000000abc00000)
 Metaspace       used 97936K, committed 99712K, reserved 1179648K
  class space    used 10763K, committed 11584K, reserved 1048576K
}
Event: 4363.212 GC heap after
{Heap after GC invocations=1051 (full 5):
 PSYoungGen      total 21504K, used 8178K [0x00000000d5580000, 0x00000000d8900000, 0x0000000100000000)
  eden space 13312K, 0% used [0x00000000d5580000,0x00000000d5580000,0x00000000d6280000)
  from space 8192K, 99% used [0x00000000d6280000,0x00000000d6a7c930,0x00000000d6a80000)
  to   space 19456K, 0% used [0x00000000d7600000,0x00000000d7600000,0x00000000d8900000)
 ParOldGen       total 725504K, used 725489K [0x0000000080000000, 0x00000000ac480000, 0x00000000d5580000)
  object space 725504K, 99% used [0x0000000080000000,0x00000000ac47c448,0x00000000ac480000)
 Metaspace       used 97936K, committed 99712K, reserved 1179648K
  class space    used 10763K, committed 11584K, reserved 1048576K
}

