# JRE version: OpenJDK Runtime Environment Temurin-21.0.10+7 (21.0.10+7) (build 21.0.10+7-LTS)
# Java VM: OpenJDK 64-Bit Server VM Temurin-21.0.10+7 (21.0.10+7-LTS, mixed mode, sharing, tiered, compressed oops, compressed class ptrs, parallel gc, windows-amd64)
GC Precious Log:
 CardTable entry size: 512
 CPUs: 2 total, 2 available
 Memory: 3858M
 Large Page Support: Disabled
 NUMA Support: Disabled
 Compressed Oops: Enabled (32-bit)
 Alignments: Space 512K, Generation 512K, Heap 2M
 Heap Min Capacity: 100M
 Heap Initial Capacity: 100M
 Heap Max Capacity: 2G
 Pre-touch: Disabled
 Parallel Workers: 2
Heap:
 PSYoungGen      total 17920K, used 17696K [0x00000000d5580000, 0x00000000d6d00000, 0x0000000100000000)
  eden space 17408K, 100% used [0x00000000d5580000,0x00000000d6680000,0x00000000d6680000)
  from space 512K, 56% used [0x00000000d6c80000,0x00000000d6cc8000,0x00000000d6d00000)
  to   space 1024K, 0% used [0x00000000d6b00000,0x00000000d6b00000,0x00000000d6c00000)
 ParOldGen       total 81408K, used 81383K [0x0000000080000000, 0x0000000084f80000, 0x00000000d5580000)
  object space 81408K, 99% used [0x0000000080000000,0x0000000084f79d60,0x0000000084f80000)
 Metaspace       used 70932K, committed 72576K, reserved 1114112K
  class space    used 8050K, committed 8768K, reserved 1048576K
GC Heap History (20 events):
Event: 110.895 GC heap before
{Heap before GC invocations=52 (full 3):
 PSYoungGen      total 18432K, used 18414K [0x00000000d5580000, 0x00000000d6f80000, 0x0000000100000000)
  eden space 17408K, 100% used [0x00000000d5580000,0x00000000d6680000,0x00000000d6680000)
  from space 1024K, 98% used [0x00000000d6e80000,0x00000000d6f7bb90,0x00000000d6f80000)
  to   space 4096K, 0% used [0x00000000d6780000,0x00000000d6780000,0x00000000d6b80000)
 ParOldGen       total 69120K, used 68659K [0x0000000080000000, 0x0000000084380000, 0x00000000d5580000)
  object space 69120K, 99% used [0x0000000080000000,0x000000008430cf50,0x0000000084380000)
 Metaspace       used 70535K, committed 72000K, reserved 1114112K
  class space    used 8003K, committed 8640K, reserved 1048576K
}
Event: 110.909 GC heap after
{Heap after GC invocations=52 (full 3):
 PSYoungGen      total 21504K, used 4075K [0x00000000d5580000, 0x00000000d7680000, 0x0000000100000000)
  eden space 17408K, 0% used [0x00000000d5580000,0x00000000d5580000,0x00000000d6680000)
  from space 4096K, 99% used [0x00000000d6780000,0x00000000d6b7afe8,0x00000000d6b80000)
  to   space 8192K, 0% used [0x00000000d6e80000,0x00000000d6e80000,0x00000000d7680000)
 ParOldGen       total 72192K, used 71773K [0x0000000080000000, 0x0000000084680000, 0x00000000d5580000)
  object space 72192K, 99% used [0x0000000080000000,0x0000000084617418,0x0000000084680000)
 Metaspace       used 70535K, committed 72000K, reserved 1114112K
  class space    used 8003K, committed 8640K, reserved 1048576K
}
Event: 111.525 GC heap before
{Heap before GC invocations=53 (full 3):
 PSYoungGen      total 21504K, used 21483K [0x00000000d5580000, 0x00000000d7680000, 0x0000000100000000)
  eden space 17408K, 100% used [0x00000000d5580000,0x00000000d6680000,0x00000000d6680000)
  from space 4096K, 99% used [0x00000000d6780000,0x00000000d6b7afe8,0x00000000d6b80000)
  to   space 8192K, 0% used [0x00000000d6e80000,0x00000000d6e80000,0x00000000d7680000)
 ParOldGen       total 72192K, used 71773K [0x0000000080000000, 0x0000000084680000, 0x00000000d5580000)
  object space 72192K, 99% used [0x0000000080000000,0x0000000084617418,0x0000000084680000)
 Metaspace       used 70758K, committed 72320K, reserved 1114112K
  class space    used 8029K, committed 8704K, reserved 1048576K
}
Event: 111.537 GC heap after
{Heap after GC invocations=53 (full 3):
 PSYoungGen      total 19968K, used 2552K [0x00000000d5580000, 0x00000000d7100000, 0x0000000100000000)
  eden space 17408K, 0% used [0x00000000d5580000,0x00000000d5580000,0x00000000d6680000)
  from space 2560K, 99% used [0x00000000d6e80000,0x00000000d70fe328,0x00000000d7100000)
  to   space 4608K, 0% used [0x00000000d6800000,0x00000000d6800000,0x00000000d6c80000)
 ParOldGen       total 76288K, used 75874K [0x0000000080000000, 0x0000000084a80000, 0x00000000d5580000)
  object space 76288K, 99% used [0x0000000080000000,0x0000000084a18ba8,0x0000000084a80000)
 Metaspace       used 70758K, committed 72320K, reserved 1114112K
  class space    used 8029K, committed 8704K, reserved 1048576K
}
Event: 112.157 GC heap before
{Heap before GC invocations=54 (full 3):
 PSYoungGen      total 19968K, used 19960K [0x00000000d5580000, 0x00000000d7100000, 0x0000000100000000)
  eden space 17408K, 100% used [0x00000000d5580000,0x00000000d6680000,0x00000000d6680000)
  from space 2560K, 99% used [0x00000000d6e80000,0x00000000d70fe328,0x00000000d7100000)
  to   space 4608K, 0% used [0x00000000d6800000,0x00000000d6800000,0x00000000d6c80000)
 ParOldGen       total 76288K, used 75874K [0x0000000080000000, 0x0000000084a80000, 0x00000000d5580000)
  object space 76288K, 99% used [0x0000000080000000,0x0000000084a18ba8,0x0000000084a80000)
 Metaspace       used 70760K, committed 72320K, reserved 1114112K
  class space    used 8029K, committed 8704K, reserved 1048576K
}
Event: 112.163 GC heap after
{Heap after GC invocations=54 (full 3):
 PSYoungGen      total 22016K, used 644K [0x00000000d5580000, 0x00000000d6f00000, 0x0000000100000000)
  eden space 17408K, 0% used [0x00000000d5580000,0x00000000d5580000,0x00000000d6680000)
  from space 4608K, 13% used [0x00000000d6800000,0x00000000d68a1080,0x00000000d6c80000)
  to   space 2048K, 0% used [0x00000000d6d00000,0x00000000d6d00000,0x00000000d6f00000)
 ParOldGen       total 78848K, used 78414K [0x0000000080000000, 0x0000000084d00000, 0x00000000d5580000)
  object space 78848K, 99% used [0x0000000080000000,0x0000000084c93b38,0x0000000084d00000)
 Metaspace       used 70760K, committed 72320K, reserved 1114112K
  class space    used 8029K, committed 8704K, reserved 1048576K
}
Event: 112.547 GC heap before
{Heap before GC invocations=55 (full 3):
 PSYoungGen      total 22016K, used 18052K [0x00000000d5580000, 0x00000000d6f00000, 0x0000000100000000)
  eden space 17408K, 100% used [0x00000000d5580000,0x00000000d6680000,0x00000000d6680000)
  from space 4608K, 13% used [0x00000000d6800000,0x00000000d68a1080,0x00000000d6c80000)
  to   space 2048K, 0% used [0x00000000d6d00000,0x00000000d6d00000,0x00000000d6f00000)
 ParOldGen       total 78848K, used 78414K [0x0000000080000000, 0x0000000084d00000, 0x00000000d5580000)
  object space 78848K, 99% used [0x0000000080000000,0x0000000084c93b38,0x0000000084d00000)
 Metaspace       used 70760K, committed 72320K, reserved 1114112K
  class space    used 8029K, committed 8704K, reserved 1048576K
}
Event: 112.554 GC heap after
{Heap after GC invocations=55 (full 3):
 PSYoungGen      total 17920K, used 384K [0x00000000d5580000, 0x00000000d6d80000, 0x0000000100000000)
  eden space 17408K, 0% used [0x00000000d5580000,0x00000000d5580000,0x00000000d6680000)
  from space 512K, 75% used [0x00000000d6d00000,0x00000000d6d60000,0x00000000d6d80000)
  to   space 1024K, 0% used [0x00000000d6b80000,0x00000000d6b80000,0x00000000d6c80000)
 ParOldGen       total 79360K, used 79042K [0x0000000080000000, 0x0000000084d80000, 0x00000000d5580000)
  object space 79360K, 99% used [0x0000000080000000,0x0000000084d30a70,0x0000000084d80000)
 Metaspace       used 70760K, committed 72320K, reserved 1114112K
  class space    used 8029K, committed 8704K, reserved 1048576K
}
Event: 112.825 GC heap before
{Heap before GC invocations=56 (full 3):
 PSYoungGen      total 17920K, used 17792K [0x00000000d5580000, 0x00000000d6d80000, 0x0000000100000000)
  eden space 17408K, 100% used [0x00000000d5580000,0x00000000d6680000,0x00000000d6680000)
  from space 512K, 75% used [0x00000000d6d00000,0x00000000d6d60000,0x00000000d6d80000)
  to   space 1024K, 0% used [0x00000000d6b80000,0x00000000d6b80000,0x00000000d6c80000)
 ParOldGen       total 79360K, used 79042K [0x0000000080000000, 0x0000000084d80000, 0x00000000d5580000)
  object space 79360K, 99% used [0x0000000080000000,0x0000000084d30a70,0x0000000084d80000)
 Metaspace       used 70760K, committed 72320K, reserved 1114112K
  class space    used 8029K, committed 8704K, reserved 1048576K
}
Event: 112.828 GC heap after
{Heap after GC invocations=56 (full 3):
 PSYoungGen      total 18432K, used 467K [0x00000000d5580000, 0x00000000d6d80000, 0x0000000100000000)
  eden space 17408K, 0% used [0x00000000d5580000,0x00000000d5580000,0x00000000d6680000)
  from space 1024K, 45% used [0x00000000d6b80000,0x00000000d6bf4d60,0x00000000d6c80000)
  to   space 512K, 0% used [0x00000000d6d00000,0x00000000d6d00000,0x00000000d6d80000)
 ParOldGen       total 79872K, used 79362K [0x0000000080000000, 0x0000000084e00000, 0x00000000d5580000)
  object space 79872K, 99% used [0x0000000080000000,0x0000000084d80a70,0x0000000084e00000)
 Metaspace       used 70760K, committed 72320K, reserved 1114112K
  class space    used 8029K, committed 8704K, reserved 1048576K
}
Event: 113.101 GC heap before
{Heap before GC invocations=57 (full 3):
 PSYoungGen      total 18432K, used 17875K [0x00000000d5580000, 0x00000000d6d80000, 0x0000000100000000)
  eden space 17408K, 100% used [0x00000000d5580000,0x00000000d6680000,0x00000000d6680000)
  from space 1024K, 45% used [0x00000000d6b80000,0x00000000d6bf4d60,0x00000000d6c80000)
  to   space 512K, 0% used [0x00000000d6d00000,0x00000000d6d00000,0x00000000d6d80000)
 ParOldGen       total 79872K, used 79362K [0x0000000080000000, 0x0000000084e00000, 0x00000000d5580000)
  object space 79872K, 99% used [0x0000000080000000,0x0000000084d80a70,0x0000000084e00000)
 Metaspace       used 70773K, committed 72320K, reserved 1114112K
  class space    used 8030K, committed 8704K, reserved 1048576K
}
Event: 113.104 GC heap after
{Heap after GC invocations=57 (full 3):
 PSYoungGen      total 17920K, used 490K [0x00000000d5580000, 0x00000000d6d80000, 0x0000000100000000)
  eden space 17408K, 0% used [0x00000000d5580000,0x00000000d5580000,0x00000000d6680000)
  from space 512K, 95% used [0x00000000d6d00000,0x00000000d6d7aa90,0x00000000d6d80000)
  to   space 512K, 0% used [0x00000000d6c80000,0x00000000d6c80000,0x00000000d6d00000)
 ParOldGen       total 79872K, used 79834K [0x0000000080000000, 0x0000000084e00000, 0x00000000d5580000)
  object space 79872K, 99% used [0x0000000080000000,0x0000000084df6b00,0x0000000084e00000)
 Metaspace       used 70773K, committed 72320K, reserved 1114112K
  class space    used 8030K, committed 8704K, reserved 1048576K
}
Event: 113.401 GC heap before
{Heap before GC invocations=58 (full 3):
 PSYoungGen      total 17920K, used 17898K [0x00000000d5580000, 0x00000000d6d80000, 0x0000000100000000)
  eden space 17408K, 100% used [0x00000000d5580000,0x00000000d6680000,0x00000000d6680000)
  from space 512K, 95% used [0x00000000d6d00000,0x00000000d6d7aa90,0x00000000d6d80000)
  to   space 512K, 0% used [0x00000000d6c80000,0x00000000d6c80000,0x00000000d6d00000)
 ParOldGen       total 79872K, used 79834K [0x0000000080000000, 0x0000000084e00000, 0x00000000d5580000)
  object space 79872K, 99% used [0x0000000080000000,0x0000000084df6b00,0x0000000084e00000)
 Metaspace       used 70852K, committed 72448K, reserved 1114112K
  class space    used 8038K, committed 8704K, reserved 1048576K
}
Event: 113.413 GC heap after
{Heap after GC invocations=58 (full 3):
 PSYoungGen      total 17920K, used 369K [0x00000000d5580000, 0x00000000d6d80000, 0x0000000100000000)
  eden space 17408K, 0% used [0x00000000d5580000,0x00000000d5580000,0x00000000d6680000)
  from space 512K, 72% used [0x00000000d6c80000,0x00000000d6cdc460,0x00000000d6d00000)
  to   space 512K, 0% used [0x00000000d6d00000,0x00000000d6d00000,0x00000000d6d80000)
 ParOldGen       total 80384K, used 80120K [0x0000000080000000, 0x0000000084e80000, 0x00000000d5580000)
  object space 80384K, 99% used [0x0000000080000000,0x0000000084e3e3d8,0x0000000084e80000)
 Metaspace       used 70852K, committed 72448K, reserved 1114112K
  class space    used 8038K, committed 8704K, reserved 1048576K
}
Event: 113.803 GC heap before
{Heap before GC invocations=59 (full 3):
 PSYoungGen      total 17920K, used 17777K [0x00000000d5580000, 0x00000000d6d80000, 0x0000000100000000)
  eden space 17408K, 100% used [0x00000000d5580000,0x00000000d6680000,0x00000000d6680000)
  from space 512K, 72% used [0x00000000d6c80000,0x00000000d6cdc460,0x00000000d6d00000)
  to   space 512K, 0% used [0x00000000d6d00000,0x00000000d6d00000,0x00000000d6d80000)
 ParOldGen       total 80384K, used 80120K [0x0000000080000000, 0x0000000084e80000, 0x00000000d5580000)
  object space 80384K, 99% used [0x0000000080000000,0x0000000084e3e3d8,0x0000000084e80000)
 Metaspace       used 70873K, committed 72448K, reserved 1114112K
  class space    used 8043K, committed 8704K, reserved 1048576K
}
Event: 113.806 GC heap after
{Heap after GC invocations=59 (full 3):
 PSYoungGen      total 17920K, used 488K [0x00000000d5580000, 0x00000000d6d80000, 0x0000000100000000)
  eden space 17408K, 0% used [0x00000000d5580000,0x00000000d5580000,0x00000000d6680000)
  from space 512K, 95% used [0x00000000d6d00000,0x00000000d6d7a3e8,0x00000000d6d80000)
  to   space 1024K, 0% used [0x00000000d6b80000,0x00000000d6b80000,0x00000000d6c80000)
 ParOldGen       total 80384K, used 80240K [0x0000000080000000, 0x0000000084e80000, 0x00000000d5580000)
  object space 80384K, 99% used [0x0000000080000000,0x0000000084e5c3d8,0x0000000084e80000)
 Metaspace       used 70873K, committed 72448K, reserved 1114112K
  class space    used 8043K, committed 8704K, reserved 1048576K
}
Event: 114.090 GC heap before
{Heap before GC invocations=60 (full 3):
 PSYoungGen      total 17920K, used 17896K [0x00000000d5580000, 0x00000000d6d80000, 0x0000000100000000)
  eden space 17408K, 100% used [0x00000000d5580000,0x00000000d6680000,0x00000000d6680000)
  from space 512K, 95% used [0x00000000d6d00000,0x00000000d6d7a3e8,0x00000000d6d80000)
  to   space 1024K, 0% used [0x00000000d6b80000,0x00000000d6b80000,0x00000000d6c80000)
 ParOldGen       total 80384K, used 80240K [0x0000000080000000, 0x0000000084e80000, 0x00000000d5580000)
  object space 80384K, 99% used [0x0000000080000000,0x0000000084e5c3d8,0x0000000084e80000)
 Metaspace       used 70929K, committed 72576K, reserved 1114112K
  class space    used 8050K, committed 8768K, reserved 1048576K
}
Event: 114.094 GC heap after
{Heap after GC invocations=60 (full 3):
 PSYoungGen      total 18432K, used 994K [0x00000000d5580000, 0x00000000d6d80000, 0x0000000100000000)
  eden space 17408K, 0% used [0x00000000d5580000,0x00000000d5580000,0x00000000d6680000)
  from space 1024K, 97% used [0x00000000d6b80000,0x00000000d6c78a70,0x00000000d6c80000)
  to   space 1024K, 0% used [0x00000000d6c80000,0x00000000d6c80000,0x00000000d6d80000)
 ParOldGen       total 80896K, used 80756K [0x0000000080000000, 0x0000000084f00000, 0x00000000d5580000)
  object space 80896K, 99% used [0x0000000080000000,0x0000000084edd008,0x0000000084f00000)
 Metaspace       used 70929K, committed 72576K, reserved 1114112K
  class space    used 8050K, committed 8768K, reserved 1048576K
}
Event: 114.197 GC heap before
{Heap before GC invocations=61 (full 3):
 PSYoungGen      total 18432K, used 18402K [0x00000000d5580000, 0x00000000d6d80000, 0x0000000100000000)
  eden space 17408K, 100% used [0x00000000d5580000,0x00000000d6680000,0x00000000d6680000)
  from space 1024K, 97% used [0x00000000d6b80000,0x00000000d6c78a70,0x00000000d6c80000)
  to   space 1024K, 0% used [0x00000000d6c80000,0x00000000d6c80000,0x00000000d6d80000)
 ParOldGen       total 80896K, used 80756K [0x0000000080000000, 0x0000000084f00000, 0x00000000d5580000)
  object space 80896K, 99% used [0x0000000080000000,0x0000000084edd008,0x0000000084f00000)
 Metaspace       used 70932K, committed 72576K, reserved 1114112K
  class space    used 8050K, committed 8768K, reserved 1048576K
}
Event: 114.206 GC heap after
{Heap after GC invocations=61 (full 3):
 PSYoungGen      total 17920K, used 288K [0x00000000d5580000, 0x00000000d6d00000, 0x0000000100000000)
  eden space 17408K, 0% used [0x00000000d5580000,0x00000000d5580000,0x00000000d6680000)
  from space 512K, 56% used [0x00000000d6c80000,0x00000000d6cc8000,0x00000000d6d00000)
  to   space 1024K, 0% used [0x00000000d6b00000,0x00000000d6b00000,0x00000000d6c00000)
 ParOldGen       total 81408K, used 81383K [0x0000000080000000, 0x0000000084f80000, 0x00000000d5580000)
  object space 81408K, 99% used [0x0000000080000000,0x0000000084f79d60,0x0000000084f80000)
 Metaspace       used 70932K, committed 72576K, reserved 1114112K
  class space    used 8050K, committed 8768K, reserved 1048576K
}

