# JRE version: OpenJDK Runtime Environment Temurin-21.0.10+7 (21.0.10+7) (build 21.0.10+7-LTS)
# Java VM: OpenJDK 64-Bit Server VM Temurin-21.0.10+7 (21.0.10+7-LTS, mixed mode, sharing, tiered, compressed oops, compressed class ptrs, parallel gc, windows-amd64)
GC Precious Log:
 CardTable entry size: 512
 CPUs: 2 total, 2 available
 Memory: 3858M
 Large Page Support: Disabled
 NUMA Support: Disabled
 Compressed Oops: Enabled (32-bit)
 Alignments: Space 512K, Generation 512K, Heap 2M
 Heap Min Capacity: 100M
 Heap Initial Capacity: 100M
 Heap Max Capacity: 2G
 Pre-touch: Disabled
 Parallel Workers: 2
Heap:
 PSYoungGen      total 4096K, used 1657K [0x00000000d5580000, 0x00000000d5d80000, 0x0000000100000000)
  eden space 3072K, 32% used [0x00000000d5580000,0x00000000d5676420,0x00000000d5880000)
  from space 1024K, 65% used [0x00000000d5c80000,0x00000000d5d28010,0x00000000d5d80000)
  to   space 2048K, 0% used [0x00000000d5980000,0x00000000d5980000,0x00000000d5b80000)
 ParOldGen       total 865792K, used 865765K [0x0000000080000000, 0x00000000b4d80000, 0x00000000d5580000)
  object space 865792K, 99% used [0x0000000080000000,0x00000000b4d79688,0x00000000b4d80000)
 Metaspace       used 71158K, committed 72832K, reserved 1114112K
  class space    used 7472K, committed 8192K, reserved 1048576K
GC Heap History (20 events):
Event: 839.557 GC heap before
{Heap before GC invocations=858 (full 3):
 PSYoungGen      total 3072K, used 2452K [0x00000000d5580000, 0x00000000d5a00000, 0x0000000100000000)
  eden space 2048K, 78% used [0x00000000d5580000,0x00000000d5713b70,0x00000000d5780000)
  from space 1024K, 81% used [0x00000000d5900000,0x00000000d59d1600,0x00000000d5a00000)
  to   space 1024K, 0% used [0x00000000d5800000,0x00000000d5800000,0x00000000d5900000)
 ParOldGen       total 852480K, used 852124K [0x0000000080000000, 0x00000000b4080000, 0x00000000d5580000)
  object space 852480K, 99% used [0x0000000080000000,0x00000000b4027048,0x00000000b4080000)
 Metaspace       used 71066K, committed 72704K, reserved 1114112K
  class space    used 7472K, committed 8192K, reserved 1048576K
}
Event: 839.576 GC heap after
{Heap after GC invocations=858 (full 3):
 PSYoungGen      total 3072K, used 1012K [0x00000000d5580000, 0x00000000d5c80000, 0x0000000100000000)
  eden space 2048K, 0% used [0x00000000d5580000,0x00000000d5580000,0x00000000d5780000)
  from space 1024K, 98% used [0x00000000d5800000,0x00000000d58fd000,0x00000000d5900000)
  to   space 2560K, 0% used [0x00000000d5a00000,0x00000000d5a00000,0x00000000d5c80000)
 ParOldGen       total 853504K, used 853122K [0x0000000080000000, 0x00000000b4180000, 0x00000000d5580000)
  object space 853504K, 99% used [0x0000000080000000,0x00000000b4120848,0x00000000b4180000)
 Metaspace       used 71066K, committed 72704K, reserved 1114112K
  class space    used 7472K, committed 8192K, reserved 1048576K
}
Event: 839.941 GC heap before
{Heap before GC invocations=859 (full 3):
 PSYoungGen      total 3072K, used 2921K [0x00000000d5580000, 0x00000000d5c80000, 0x0000000100000000)
  eden space 2048K, 93% used [0x00000000d5580000,0x00000000d575d638,0x00000000d5780000)
  from space 1024K, 98% used [0x00000000d5800000,0x00000000d58fd000,0x00000000d5900000)
  to   space 2560K, 0% used [0x00000000d5a00000,0x00000000d5a00000,0x00000000d5c80000)
 ParOldGen       total 853504K, used 853122K [0x0000000080000000, 0x00000000b4180000, 0x00000000d5580000)
  object space 853504K, 99% used [0x0000000080000000,0x00000000b4120848,0x00000000b4180000)
 Metaspace       used 71133K, committed 72768K, reserved 1114112K
  class space    used 7472K, committed 8192K, reserved 1048576K
}
Event: 839.948 GC heap after
{Heap after GC invocations=859 (full 3):
 PSYoungGen      total 3072K, used 702K [0x00000000d5580000, 0x00000000d5b00000, 0x0000000100000000)
  eden space 2048K, 0% used [0x00000000d5580000,0x00000000d5580000,0x00000000d5780000)
  from space 1024K, 68% used [0x00000000d5a00000,0x00000000d5aaf800,0x00000000d5b00000)
  to   space 1536K, 0% used [0x00000000d5800000,0x00000000d5800000,0x00000000d5980000)
 ParOldGen       total 854528K, used 854142K [0x0000000080000000, 0x00000000b4280000, 0x00000000d5580000)
  object space 854528K, 99% used [0x0000000080000000,0x00000000b421f848,0x00000000b4280000)
 Metaspace       used 71133K, committed 72768K, reserved 1114112K
  class space    used 7472K, committed 8192K, reserved 1048576K
}
Event: 840.117 GC heap before
{Heap before GC invocations=860 (full 3):
 PSYoungGen      total 3072K, used 2429K [0x00000000d5580000, 0x00000000d5b00000, 0x0000000100000000)
  eden space 2048K, 84% used [0x00000000d5580000,0x00000000d572fe10,0x00000000d5780000)
  from space 1024K, 68% used [0x00000000d5a00000,0x00000000d5aaf800,0x00000000d5b00000)
  to   space 1536K, 0% used [0x00000000d5800000,0x00000000d5800000,0x00000000d5980000)
 ParOldGen       total 854528K, used 854142K [0x0000000080000000, 0x00000000b4280000, 0x00000000d5580000)
  object space 854528K, 99% used [0x0000000080000000,0x00000000b421f848,0x00000000b4280000)
 Metaspace       used 71137K, committed 72768K, reserved 1114112K
  class space    used 7472K, committed 8192K, reserved 1048576K
}
Event: 840.139 GC heap after
{Heap after GC invocations=860 (full 3):
 PSYoungGen      total 3584K, used 1406K [0x00000000d5580000, 0x00000000d5b80000, 0x0000000100000000)
  eden space 2048K, 0% used [0x00000000d5580000,0x00000000d5580000,0x00000000d5780000)
  from space 1536K, 91% used [0x00000000d5800000,0x00000000d595f800,0x00000000d5980000)
  to   space 2048K, 0% used [0x00000000d5980000,0x00000000d5980000,0x00000000d5b80000)
 ParOldGen       total 855552K, used 854820K [0x0000000080000000, 0x00000000b4380000, 0x00000000d5580000)
  object space 855552K, 99% used [0x0000000080000000,0x00000000b42c9048,0x00000000b4380000)
 Metaspace       used 71137K, committed 72768K, reserved 1114112K
  class space    used 7472K, committed 8192K, reserved 1048576K
}
Event: 840.271 GC heap before
{Heap before GC invocations=861 (full 3):
 PSYoungGen      total 3584K, used 3454K [0x00000000d5580000, 0x00000000d5b80000, 0x0000000100000000)
  eden space 2048K, 100% used [0x00000000d5580000,0x00000000d5780000,0x00000000d5780000)
  from space 1536K, 91% used [0x00000000d5800000,0x00000000d595f800,0x00000000d5980000)
  to   space 2048K, 0% used [0x00000000d5980000,0x00000000d5980000,0x00000000d5b80000)
 ParOldGen       total 855552K, used 854820K [0x0000000080000000, 0x00000000b4380000, 0x00000000d5580000)
  object space 855552K, 99% used [0x0000000080000000,0x00000000b42c9048,0x00000000b4380000)
 Metaspace       used 71139K, committed 72768K, reserved 1114112K
  class space    used 7472K, committed 8192K, reserved 1048576K
}
Event: 840.297 GC heap after
{Heap after GC invocations=861 (full 3):
 PSYoungGen      total 4096K, used 1624K [0x00000000d5580000, 0x00000000d5b80000, 0x0000000100000000)
  eden space 2048K, 0% used [0x00000000d5580000,0x00000000d5580000,0x00000000d5780000)
  from space 2048K, 79% used [0x00000000d5980000,0x00000000d5b16000,0x00000000d5b80000)
  to   space 2048K, 0% used [0x00000000d5780000,0x00000000d5780000,0x00000000d5980000)
 ParOldGen       total 856576K, used 856194K [0x0000000080000000, 0x00000000b4480000, 0x00000000d5580000)
  object space 856576K, 99% used [0x0000000080000000,0x00000000b4420848,0x00000000b4480000)
 Metaspace       used 71139K, committed 72768K, reserved 1114112K
  class space    used 7472K, committed 8192K, reserved 1048576K
}
Event: 841.077 GC heap before
{Heap before GC invocations=862 (full 3):
 PSYoungGen      total 4096K, used 3672K [0x00000000d5580000, 0x00000000d5b80000, 0x0000000100000000)
  eden space 2048K, 100% used [0x00000000d5580000,0x00000000d5780000,0x00000000d5780000)
  from space 2048K, 79% used [0x00000000d5980000,0x00000000d5b16000,0x00000000d5b80000)
  to   space 2048K, 0% used [0x00000000d5780000,0x00000000d5780000,0x00000000d5980000)
 ParOldGen       total 859648K, used 858490K [0x0000000080000000, 0x00000000b4780000, 0x00000000d5580000)
  object space 859648K, 99% used [0x0000000080000000,0x00000000b465e848,0x00000000b4780000)
 Metaspace       used 71145K, committed 72768K, reserved 1114112K
  class space    used 7472K, committed 8192K, reserved 1048576K
}
Event: 841.089 GC heap after
{Heap after GC invocations=862 (full 3):
 PSYoungGen      total 3584K, used 1280K [0x00000000d5580000, 0x00000000d5a80000, 0x0000000100000000)
  eden space 2048K, 0% used [0x00000000d5580000,0x00000000d5580000,0x00000000d5780000)
  from space 1536K, 83% used [0x00000000d5780000,0x00000000d58c0000,0x00000000d5900000)
  to   space 1536K, 0% used [0x00000000d5900000,0x00000000d5900000,0x00000000d5a80000)
 ParOldGen       total 860160K, used 860034K [0x0000000080000000, 0x00000000b4800000, 0x00000000d5580000)
  object space 860160K, 99% used [0x0000000080000000,0x00000000b47e0848,0x00000000b4800000)
 Metaspace       used 71145K, committed 72768K, reserved 1114112K
  class space    used 7472K, committed 8192K, reserved 1048576K
}
Event: 841.113 GC heap before
{Heap before GC invocations=863 (full 3):
 PSYoungGen      total 3584K, used 3328K [0x00000000d5580000, 0x00000000d5a80000, 0x0000000100000000)
  eden space 2048K, 100% used [0x00000000d5580000,0x00000000d5780000,0x00000000d5780000)
  from space 1536K, 83% used [0x00000000d5780000,0x00000000d58c0000,0x00000000d5900000)
  to   space 1536K, 0% used [0x00000000d5900000,0x00000000d5900000,0x00000000d5a80000)
 ParOldGen       total 860160K, used 860034K [0x0000000080000000, 0x00000000b4800000, 0x00000000d5580000)
  object space 860160K, 99% used [0x0000000080000000,0x00000000b47e0848,0x00000000b4800000)
 Metaspace       used 71145K, committed 72768K, reserved 1114112K
  class space    used 7472K, committed 8192K, reserved 1048576K
}
Event: 841.121 GC heap after
{Heap after GC invocations=863 (full 3):
 PSYoungGen      total 3584K, used 1117K [0x00000000d5580000, 0x00000000d5a80000, 0x0000000100000000)
  eden space 2048K, 0% used [0x00000000d5580000,0x00000000d5580000,0x00000000d5780000)
  from space 1536K, 72% used [0x00000000d5900000,0x00000000d5a17660,0x00000000d5a80000)
  to   space 1536K, 0% used [0x00000000d5780000,0x00000000d5780000,0x00000000d5900000)
 ParOldGen       total 861696K, used 861242K [0x0000000080000000, 0x00000000b4980000, 0x00000000d5580000)
  object space 861696K, 99% used [0x0000000080000000,0x00000000b490e848,0x00000000b4980000)
 Metaspace       used 71145K, committed 72768K, reserved 1114112K
  class space    used 7472K, committed 8192K, reserved 1048576K
}
Event: 841.135 GC heap before
{Heap before GC invocations=864 (full 3):
 PSYoungGen      total 3584K, used 3100K [0x00000000d5580000, 0x00000000d5a80000, 0x0000000100000000)
  eden space 2048K, 96% used [0x00000000d5580000,0x00000000d576fc30,0x00000000d5780000)
  from space 1536K, 72% used [0x00000000d5900000,0x00000000d5a17660,0x00000000d5a80000)
  to   space 1536K, 0% used [0x00000000d5780000,0x00000000d5780000,0x00000000d5900000)
 ParOldGen       total 861696K, used 861242K [0x0000000080000000, 0x00000000b4980000, 0x00000000d5580000)
  object space 861696K, 99% used [0x0000000080000000,0x00000000b490e848,0x00000000b4980000)
 Metaspace       used 71145K, committed 72768K, reserved 1114112K
  class space    used 7472K, committed 8192K, reserved 1048576K
}
Event: 841.142 GC heap after
{Heap after GC invocations=864 (full 3):
 PSYoungGen      total 3584K, used 1508K [0x00000000d5580000, 0x00000000d5d80000, 0x0000000100000000)
  eden space 2048K, 0% used [0x00000000d5580000,0x00000000d5580000,0x00000000d5780000)
  from space 1536K, 98% used [0x00000000d5780000,0x00000000d58f92d0,0x00000000d5900000)
  to   space 3072K, 0% used [0x00000000d5a80000,0x00000000d5a80000,0x00000000d5d80000)
 ParOldGen       total 862720K, used 862313K [0x0000000080000000, 0x00000000b4a80000, 0x00000000d5580000)
  object space 862720K, 99% used [0x0000000080000000,0x00000000b4a1a5e8,0x00000000b4a80000)
 Metaspace       used 71145K, committed 72768K, reserved 1114112K
  class space    used 7472K, committed 8192K, reserved 1048576K
}
Event: 841.157 GC heap before
{Heap before GC invocations=865 (full 3):
 PSYoungGen      total 3584K, used 3485K [0x00000000d5580000, 0x00000000d5d80000, 0x0000000100000000)
  eden space 2048K, 96% used [0x00000000d5580000,0x00000000d576e440,0x00000000d5780000)
  from space 1536K, 98% used [0x00000000d5780000,0x00000000d58f92d0,0x00000000d5900000)
  to   space 3072K, 0% used [0x00000000d5a80000,0x00000000d5a80000,0x00000000d5d80000)
 ParOldGen       total 862720K, used 862313K [0x0000000080000000, 0x00000000b4a80000, 0x00000000d5580000)
  object space 862720K, 99% used [0x0000000080000000,0x00000000b4a1a5e8,0x00000000b4a80000)
 Metaspace       used 71145K, committed 72768K, reserved 1114112K
  class space    used 7472K, committed 8192K, reserved 1048576K
}
Event: 841.168 GC heap after
{Heap after GC invocations=865 (full 3):
 PSYoungGen      total 4608K, used 1704K [0x00000000d5580000, 0x00000000d5c80000, 0x0000000100000000)
  eden space 2560K, 0% used [0x00000000d5580000,0x00000000d5580000,0x00000000d5800000)
  from space 2048K, 83% used [0x00000000d5a80000,0x00000000d5c2a398,0x00000000d5c80000)
  to   space 2048K, 0% used [0x00000000d5880000,0x00000000d5880000,0x00000000d5a80000)
 ParOldGen       total 864256K, used 863810K [0x0000000080000000, 0x00000000b4c00000, 0x00000000d5580000)
  object space 864256K, 99% used [0x0000000080000000,0x00000000b4b90808,0x00000000b4c00000)
 Metaspace       used 71145K, committed 72768K, reserved 1114112K
  class space    used 7472K, committed 8192K, reserved 1048576K
}
Event: 841.186 GC heap before
{Heap before GC invocations=866 (full 3):
 PSYoungGen      total 4608K, used 4264K [0x00000000d5580000, 0x00000000d5c80000, 0x0000000100000000)
  eden space 2560K, 100% used [0x00000000d5580000,0x00000000d5800000,0x00000000d5800000)
  from space 2048K, 83% used [0x00000000d5a80000,0x00000000d5c2a398,0x00000000d5c80000)
  to   space 2048K, 0% used [0x00000000d5880000,0x00000000d5880000,0x00000000d5a80000)
 ParOldGen       total 864256K, used 863810K [0x0000000080000000, 0x00000000b4c00000, 0x00000000d5580000)
  object space 864256K, 99% used [0x0000000080000000,0x00000000b4b90808,0x00000000b4c00000)
 Metaspace       used 71145K, committed 72768K, reserved 1114112K
  class space    used 7472K, committed 8192K, reserved 1048576K
}
Event: 841.193 GC heap after
{Heap after GC invocations=866 (full 3):
 PSYoungGen      total 5120K, used 2031K [0x00000000d5580000, 0x00000000d6080000, 0x0000000100000000)
  eden space 3072K, 0% used [0x00000000d5580000,0x00000000d5580000,0x00000000d5880000)
  from space 2048K, 99% used [0x00000000d5880000,0x00000000d5a7bd70,0x00000000d5a80000)
  to   space 4096K, 0% used [0x00000000d5c80000,0x00000000d5c80000,0x00000000d6080000)
 ParOldGen       total 865792K, used 865477K [0x0000000080000000, 0x00000000b4d80000, 0x00000000d5580000)
  object space 865792K, 99% used [0x0000000080000000,0x00000000b4d31688,0x00000000b4d80000)
 Metaspace       used 71145K, committed 72768K, reserved 1114112K
  class space    used 7472K, committed 8192K, reserved 1048576K
}
Event: 844.405 GC heap before
{Heap before GC invocations=867 (full 3):
 PSYoungGen      total 5120K, used 5103K [0x00000000d5580000, 0x00000000d6080000, 0x0000000100000000)
  eden space 3072K, 100% used [0x00000000d5580000,0x00000000d5880000,0x00000000d5880000)
  from space 2048K, 99% used [0x00000000d5880000,0x00000000d5a7bd70,0x00000000d5a80000)
  to   space 4096K, 0% used [0x00000000d5c80000,0x00000000d5c80000,0x00000000d6080000)
 ParOldGen       total 865792K, used 865477K [0x0000000080000000, 0x00000000b4d80000, 0x00000000d5580000)
  object space 865792K, 99% used [0x0000000080000000,0x00000000b4d31688,0x00000000b4d80000)
 Metaspace       used 71150K, committed 72832K, reserved 1114112K
  class space    used 7472K, committed 8192K, reserved 1048576K
}
Event: 844.411 GC heap after
{Heap after GC invocations=867 (full 3):
 PSYoungGen      total 4096K, used 672K [0x00000000d5580000, 0x00000000d5d80000, 0x0000000100000000)
  eden space 3072K, 0% used [0x00000000d5580000,0x00000000d5580000,0x00000000d5880000)
  from space 1024K, 65% used [0x00000000d5c80000,0x00000000d5d28010,0x00000000d5d80000)
  to   space 2048K, 0% used [0x00000000d5980000,0x00000000d5980000,0x00000000d5b80000)
 ParOldGen       total 865792K, used 865765K [0x0000000080000000, 0x00000000b4d80000, 0x00000000d5580000)
  object space 865792K, 99% used [0x0000000080000000,0x00000000b4d79688,0x00000000b4d80000)
 Metaspace       used 71150K, committed 72832K, reserved 1114112K
  class space    used 7472K, committed 8192K, reserved 1048576K
}

